Players:
Buster PoseyIII: .390 OBP, .499 SLG, .889 OPS
Brandon Belt: .378 OBP, .597 SLG, .975 OPS
Brandon Crawford: .373 OBP, .522 SLG, .895 OPS
Alex Dickerson: .304 OBP, .420 SLG, .725 OPS
Mike Yastrzemski: .310 OBP, .457 SLG, .767 OPS
Kris Bryant: .353 OBP, .481 SLG, .835 OPS
Tommy LaStella: .306 OBP, .405 SLG, .710 OPS
Logan Webb: .151 OBP, .283 SLG, .434 OPS
LaMonte WadeJr.: .323 OBP, .482 SLG, .805 OPS

100%|████████████████████████████████████████████████████████████████████████████████████████████████████████████████████████████████████████████████████████████| 362880/362880 [24:53<00:00, 243.04it/s]
Total games simulated: 58,786,560
Games simulated per order: 162
Total orders simulated: 362,880

Max runs for sim: 5.327160493827161
Avg. runs for sim: 5.27
Min runs for sim: 5.253086419753086

Best batting order: (0, 4, 6, 7, 1, 5, 8, 2, 3)
1) Buster PoseyIII: .390 OBP, .499 SLG, .889 OPS
2) Mike Yastrzemski: .310 OBP, .457 SLG, .767 OPS
3) Tommy LaStella: .306 OBP, .405 SLG, .710 OPS
4) Logan Webb: .151 OBP, .283 SLG, .434 OPS
5) Brandon Belt: .378 OBP, .597 SLG, .975 OPS
6) Kris Bryant: .353 OBP, .481 SLG, .835 OPS
7) LaMonte WadeJr.: .323 OBP, .482 SLG, .805 OPS
8) Brandon Crawford: .373 OBP, .522 SLG, .895 OPS
9) Alex Dickerson: .304 OBP, .420 SLG, .725 OPS

Worst batting order: (0, 1, 2, 3, 4, 5, 6, 7, 8)
1) Buster PoseyIII: .390 OBP, .499 SLG, .889 OPS
2) Brandon Belt: .378 OBP, .597 SLG, .975 OPS
3) Brandon Crawford: .373 OBP, .522 SLG, .895 OPS
4) Alex Dickerson: .304 OBP, .420 SLG, .725 OPS
5) Mike Yastrzemski: .310 OBP, .457 SLG, .767 OPS
6) Kris Bryant: .353 OBP, .481 SLG, .835 OPS
7) Tommy LaStella: .306 OBP, .405 SLG, .710 OPS
8) Logan Webb: .151 OBP, .283 SLG, .434 OPS
9) LaMonte WadeJr.: .323 OBP, .482 SLG, .805 OPS

Total time: 1494.16 seconds
