Players: 
Buster PoseyIII: .390 OBP, .499 SLG, .889 OPS
Brandon Belt: .378 OBP, .597 SLG, .975 OPS
Brandon Crawford: .373 OBP, .522 SLG, .895 OPS
Alex Dickerson: .304 OBP, .420 SLG, .725 OPS
Mike Yastrzemski: .310 OBP, .457 SLG, .767 OPS
Kris Bryant: .353 OBP, .481 SLG, .835 OPS
Tommy LaStella: .306 OBP, .405 SLG, .710 OPS
Logan Webb: .151 OBP, .283 SLG, .434 OPS
LaMonte WadeJr.: .323 OBP, .482 SLG, .805 OPS

Batting order num: 362879, 100.00% complete       

Total games simulated: 181,440,000
Games simulated per order: 500
Total orders simulated: 362,880

Max runs for sim: 5.55
Avg. runs for sim: 4.89
Min runs for sim: 4.254

Best batting order: (8, 4, 0, 3, 5, 7, 1, 2, 6)
1) LaMonte WadeJr.: .323 OBP, .482 SLG, .805 OPS
2) Mike Yastrzemski: .310 OBP, .457 SLG, .767 OPS
3) Buster PoseyIII: .390 OBP, .499 SLG, .889 OPS
4) Alex Dickerson: .304 OBP, .420 SLG, .725 OPS
5) Kris Bryant: .353 OBP, .481 SLG, .835 OPS
6) Logan Webb: .151 OBP, .283 SLG, .434 OPS
7) Brandon Belt: .378 OBP, .597 SLG, .975 OPS
8) Brandon Crawford: .373 OBP, .522 SLG, .895 OPS
9) Tommy LaStella: .306 OBP, .405 SLG, .710 OPS

Worst batting order: (3, 1, 5, 0, 4, 6, 2, 7, 8)
1) Alex Dickerson: .304 OBP, .420 SLG, .725 OPS
2) Brandon Belt: .378 OBP, .597 SLG, .975 OPS
3) Kris Bryant: .353 OBP, .481 SLG, .835 OPS
4) Buster PoseyIII: .390 OBP, .499 SLG, .889 OPS
5) Mike Yastrzemski: .310 OBP, .457 SLG, .767 OPS
6) Tommy LaStella: .306 OBP, .405 SLG, .710 OPS
7) Brandon Crawford: .373 OBP, .522 SLG, .895 OPS
8) Logan Webb: .151 OBP, .283 SLG, .434 OPS
9) LaMonte WadeJr.: .323 OBP, .482 SLG, .805 OPS
