Players:
Buster PoseyIII: .390 OBP, .499 SLG, .889 OPS
Brandon Crawford: .373 OBP, .522 SLG, .895 OPS
Evan Longoria: .351 OBP, .482 SLG, .833 OPS
Logan Webb: .151 OBP, .283 SLG, .434 OPS
Kris Bryant: .353 OBP, .481 SLG, .835 OPS
Tommy LaStella: .306 OBP, .405 SLG, .710 OPS
Mike Yastrzemski: .310 OBP, .457 SLG, .767 OPS
Wilmer Flores: .335 OBP, .447 SLG, .782 OPS
Darin Ruf: .385 OBP, .519 SLG, .904 OPS

100%|██████████████████████████████████████████████████████████████████████████████████████████████████████████████████████████████████████████████████████████| 362880/362880 [10:56:51<00:00,  9.21it/s]

Total games simulated: 1,451,520,000
Games simulated per order: 4,000
Total orders simulated: 362,880

Max runs for sim: 4.74825
Avg. runs for sim: 4.58
Min runs for sim: 4.43525

Order of interest:
Average runs for order: 4.55675
	1) Buster PoseyIII: .390 OBP, .499 SLG, .889 OPS
	2) Brandon Crawford: .373 OBP, .522 SLG, .895 OPS
	3) Evan Longoria: .351 OBP, .482 SLG, .833 OPS
	4) Logan Webb: .151 OBP, .283 SLG, .434 OPS
	5) Kris Bryant: .353 OBP, .481 SLG, .835 OPS
	6) Tommy LaStella: .306 OBP, .405 SLG, .710 OPS
	7) Mike Yastrzemski: .310 OBP, .457 SLG, .767 OPS
	8) Wilmer Flores: .335 OBP, .447 SLG, .782 OPS
	9) Darin Ruf: .385 OBP, .519 SLG, .904 OPS

Top 5 batting orders:
1) Average runs for order: 4.74825
	1) Darin Ruf: .385 OBP, .519 SLG, .904 OPS
	2) Buster PoseyIII: .390 OBP, .499 SLG, .889 OPS
	3) Brandon Crawford: .373 OBP, .522 SLG, .895 OPS
	4) Evan Longoria: .351 OBP, .482 SLG, .833 OPS
	5) Kris Bryant: .353 OBP, .481 SLG, .835 OPS
	6) Tommy LaStella: .306 OBP, .405 SLG, .710 OPS
	7) Mike Yastrzemski: .310 OBP, .457 SLG, .767 OPS
	8) Logan Webb: .151 OBP, .283 SLG, .434 OPS
	9) Wilmer Flores: .335 OBP, .447 SLG, .782 OPS

2) Average runs for order: 4.74425
	1) Darin Ruf: .385 OBP, .519 SLG, .904 OPS
	2) Buster PoseyIII: .390 OBP, .499 SLG, .889 OPS
	3) Brandon Crawford: .373 OBP, .522 SLG, .895 OPS
	4) Evan Longoria: .351 OBP, .482 SLG, .833 OPS
	5) Tommy LaStella: .306 OBP, .405 SLG, .710 OPS
	6) Mike Yastrzemski: .310 OBP, .457 SLG, .767 OPS
	7) Logan Webb: .151 OBP, .283 SLG, .434 OPS
	8) Wilmer Flores: .335 OBP, .447 SLG, .782 OPS
	9) Kris Bryant: .353 OBP, .481 SLG, .835 OPS

3) Average runs for order: 4.7415
	1) Buster PoseyIII: .390 OBP, .499 SLG, .889 OPS
	2) Darin Ruf: .385 OBP, .519 SLG, .904 OPS
	3) Kris Bryant: .353 OBP, .481 SLG, .835 OPS
	4) Brandon Crawford: .373 OBP, .522 SLG, .895 OPS
	5) Evan Longoria: .351 OBP, .482 SLG, .833 OPS
	6) Wilmer Flores: .335 OBP, .447 SLG, .782 OPS
	7) Mike Yastrzemski: .310 OBP, .457 SLG, .767 OPS
	8) Logan Webb: .151 OBP, .283 SLG, .434 OPS
	9) Tommy LaStella: .306 OBP, .405 SLG, .710 OPS

4) Average runs for order: 4.73925
	1) Buster PoseyIII: .390 OBP, .499 SLG, .889 OPS
	2) Darin Ruf: .385 OBP, .519 SLG, .904 OPS
	3) Brandon Crawford: .373 OBP, .522 SLG, .895 OPS
	4) Evan Longoria: .351 OBP, .482 SLG, .833 OPS
	5) Kris Bryant: .353 OBP, .481 SLG, .835 OPS
	6) Tommy LaStella: .306 OBP, .405 SLG, .710 OPS
	7) Mike Yastrzemski: .310 OBP, .457 SLG, .767 OPS
	8) Wilmer Flores: .335 OBP, .447 SLG, .782 OPS
	9) Logan Webb: .151 OBP, .283 SLG, .434 OPS

5) Average runs for order: 4.7385
	1) Buster PoseyIII: .390 OBP, .499 SLG, .889 OPS
	2) Darin Ruf: .385 OBP, .519 SLG, .904 OPS
	3) Evan Longoria: .351 OBP, .482 SLG, .833 OPS
	4) Brandon Crawford: .373 OBP, .522 SLG, .895 OPS
	5) Kris Bryant: .353 OBP, .481 SLG, .835 OPS
	6) Mike Yastrzemski: .310 OBP, .457 SLG, .767 OPS
	7) Wilmer Flores: .335 OBP, .447 SLG, .782 OPS
	8) Logan Webb: .151 OBP, .283 SLG, .434 OPS
	9) Tommy LaStella: .306 OBP, .405 SLG, .710 OPS

Bottom 5 batting orders:
1) Average runs for order: 4.43525
	1) Logan Webb: .151 OBP, .283 SLG, .434 OPS
	2) Buster PoseyIII: .390 OBP, .499 SLG, .889 OPS
	3) Kris Bryant: .353 OBP, .481 SLG, .835 OPS
	4) Mike Yastrzemski: .310 OBP, .457 SLG, .767 OPS
	5) Wilmer Flores: .335 OBP, .447 SLG, .782 OPS
	6) Tommy LaStella: .306 OBP, .405 SLG, .710 OPS
	7) Brandon Crawford: .373 OBP, .522 SLG, .895 OPS
	8) Evan Longoria: .351 OBP, .482 SLG, .833 OPS
	9) Darin Ruf: .385 OBP, .519 SLG, .904 OPS

2) Average runs for order: 4.43875
	1) Logan Webb: .151 OBP, .283 SLG, .434 OPS
	2) Buster PoseyIII: .390 OBP, .499 SLG, .889 OPS
	3) Mike Yastrzemski: .310 OBP, .457 SLG, .767 OPS
	4) Kris Bryant: .353 OBP, .481 SLG, .835 OPS
	5) Evan Longoria: .351 OBP, .482 SLG, .833 OPS
	6) Tommy LaStella: .306 OBP, .405 SLG, .710 OPS
	7) Wilmer Flores: .335 OBP, .447 SLG, .782 OPS
	8) Brandon Crawford: .373 OBP, .522 SLG, .895 OPS
	9) Darin Ruf: .385 OBP, .519 SLG, .904 OPS

3) Average runs for order: 4.44075
	1) Logan Webb: .151 OBP, .283 SLG, .434 OPS
	2) Kris Bryant: .353 OBP, .481 SLG, .835 OPS
	3) Buster PoseyIII: .390 OBP, .499 SLG, .889 OPS
	4) Mike Yastrzemski: .310 OBP, .457 SLG, .767 OPS
	5) Wilmer Flores: .335 OBP, .447 SLG, .782 OPS
	6) Tommy LaStella: .306 OBP, .405 SLG, .710 OPS
	7) Evan Longoria: .351 OBP, .482 SLG, .833 OPS
	8) Darin Ruf: .385 OBP, .519 SLG, .904 OPS
	9) Brandon Crawford: .373 OBP, .522 SLG, .895 OPS

4) Average runs for order: 4.44225
	1) Logan Webb: .151 OBP, .283 SLG, .434 OPS
	2) Mike Yastrzemski: .310 OBP, .457 SLG, .767 OPS
	3) Kris Bryant: .353 OBP, .481 SLG, .835 OPS
	4) Wilmer Flores: .335 OBP, .447 SLG, .782 OPS
	5) Tommy LaStella: .306 OBP, .405 SLG, .710 OPS
	6) Evan Longoria: .351 OBP, .482 SLG, .833 OPS
	7) Buster PoseyIII: .390 OBP, .499 SLG, .889 OPS
	8) Brandon Crawford: .373 OBP, .522 SLG, .895 OPS
	9) Darin Ruf: .385 OBP, .519 SLG, .904 OPS

5) Average runs for order: 4.44575
	1) Logan Webb: .151 OBP, .283 SLG, .434 OPS
	2) Mike Yastrzemski: .310 OBP, .457 SLG, .767 OPS
	3) Kris Bryant: .353 OBP, .481 SLG, .835 OPS
	4) Tommy LaStella: .306 OBP, .405 SLG, .710 OPS
	5) Evan Longoria: .351 OBP, .482 SLG, .833 OPS
	6) Wilmer Flores: .335 OBP, .447 SLG, .782 OPS
	7) Buster PoseyIII: .390 OBP, .499 SLG, .889 OPS
	8) Darin Ruf: .385 OBP, .519 SLG, .904 OPS
	9) Brandon Crawford: .373 OBP, .522 SLG, .895 OPS

Total time: 10:56:51
