Players: 
Buster PoseyIII: .390 OBP, .499 SLG, .889 OPS
Brandon Belt: .378 OBP, .597 SLG, .975 OPS
Brandon Crawford: .373 OBP, .522 SLG, .895 OPS
Alex Dickerson: .304 OBP, .420 SLG, .725 OPS
Mike Yastrzemski: .310 OBP, .457 SLG, .767 OPS
Kris Bryant: .353 OBP, .481 SLG, .835 OPS
Tommy LaStella: .306 OBP, .405 SLG, .710 OPS
Logan Webb: .151 OBP, .283 SLG, .434 OPS
LaMonte WadeJr.: .323 OBP, .482 SLG, .805 OPS

Batting order num: 362879, 100.00% complete       

Total games simulated: 36,288,000
Games simulated per order: 100
Total orders simulated: 362,880

Max runs for sim: 6.57
Avg. runs for sim: 4.89
Min runs for sim: 3.57

Best batting order: (1, 6, 3, 2, 7, 4, 8, 5, 0)
1) Brandon Belt: .378 OBP, .597 SLG, .975 OPS
2) Tommy LaStella: .306 OBP, .405 SLG, .710 OPS
3) Alex Dickerson: .304 OBP, .420 SLG, .725 OPS
4) Brandon Crawford: .373 OBP, .522 SLG, .895 OPS
5) Logan Webb: .151 OBP, .283 SLG, .434 OPS
6) Mike Yastrzemski: .310 OBP, .457 SLG, .767 OPS
7) LaMonte WadeJr.: .323 OBP, .482 SLG, .805 OPS
8) Kris Bryant: .353 OBP, .481 SLG, .835 OPS
9) Buster PoseyIII: .390 OBP, .499 SLG, .889 OPS

Worst batting order: (8, 0, 2, 6, 1, 7, 3, 5, 4)
1) LaMonte WadeJr.: .323 OBP, .482 SLG, .805 OPS
2) Buster PoseyIII: .390 OBP, .499 SLG, .889 OPS
3) Brandon Crawford: .373 OBP, .522 SLG, .895 OPS
4) Tommy LaStella: .306 OBP, .405 SLG, .710 OPS
5) Brandon Belt: .378 OBP, .597 SLG, .975 OPS
6) Logan Webb: .151 OBP, .283 SLG, .434 OPS
7) Alex Dickerson: .304 OBP, .420 SLG, .725 OPS
8) Kris Bryant: .353 OBP, .481 SLG, .835 OPS
9) Mike Yastrzemski: .310 OBP, .457 SLG, .767 OPS
