Players:
Buster PoseyIII: .390 OBP, .499 SLG, .889 OPS
Brandon Crawford: .373 OBP, .522 SLG, .895 OPS
Evan Longoria: .351 OBP, .482 SLG, .833 OPS
Logan Webb: .151 OBP, .283 SLG, .434 OPS
Kris Bryant: .353 OBP, .481 SLG, .835 OPS
Tommy LaStella: .306 OBP, .405 SLG, .710 OPS
Mike Yastrzemski: .310 OBP, .457 SLG, .767 OPS
Wilmer Flores: .335 OBP, .447 SLG, .782 OPS
Darin Ruf: .385 OBP, .519 SLG, .904 OPS

100%|██████████████████████████████████████████████████████████████████████████████████████████████████████████████████████████████████████████████████████████| 362880/362880 [13:27:19<00:00,  7.49it/s]Total games simulated: 1,814,400,000
Games simulated per order: 5,000
Total orders simulated: 362,880

Max runs for sim: 4.8494
Avg. runs for sim: 4.65
Min runs for sim: 4.5056

Top 5 batting orders:
1) Average runs for order: 4.8494
	1) Buster PoseyIII: .390 OBP, .499 SLG, .889 OPS
	2) Darin Ruf: .385 OBP, .519 SLG, .904 OPS
	3) Kris Bryant: .353 OBP, .481 SLG, .835 OPS
	4) Evan Longoria: .351 OBP, .482 SLG, .833 OPS
	5) Brandon Crawford: .373 OBP, .522 SLG, .895 OPS
	6) Wilmer Flores: .335 OBP, .447 SLG, .782 OPS
	7) Mike Yastrzemski: .310 OBP, .457 SLG, .767 OPS
	8) Tommy LaStella: .306 OBP, .405 SLG, .710 OPS
	9) Logan Webb: .151 OBP, .283 SLG, .434 OPS

2) Average runs for order: 4.8444
	1) Buster PoseyIII: .390 OBP, .499 SLG, .889 OPS
	2) Brandon Crawford: .373 OBP, .522 SLG, .895 OPS
	3) Darin Ruf: .385 OBP, .519 SLG, .904 OPS
	4) Kris Bryant: .353 OBP, .481 SLG, .835 OPS
	5) Evan Longoria: .351 OBP, .482 SLG, .833 OPS
	6) Wilmer Flores: .335 OBP, .447 SLG, .782 OPS
	7) Mike Yastrzemski: .310 OBP, .457 SLG, .767 OPS
	8) Tommy LaStella: .306 OBP, .405 SLG, .710 OPS
	9) Logan Webb: .151 OBP, .283 SLG, .434 OPS

3) Average runs for order: 4.8414
	1) Brandon Crawford: .373 OBP, .522 SLG, .895 OPS
	2) Darin Ruf: .385 OBP, .519 SLG, .904 OPS
	3) Kris Bryant: .353 OBP, .481 SLG, .835 OPS
	4) Buster PoseyIII: .390 OBP, .499 SLG, .889 OPS
	5) Evan Longoria: .351 OBP, .482 SLG, .833 OPS
	6) Wilmer Flores: .335 OBP, .447 SLG, .782 OPS
	7) Mike Yastrzemski: .310 OBP, .457 SLG, .767 OPS
	8) Logan Webb: .151 OBP, .283 SLG, .434 OPS
	9) Tommy LaStella: .306 OBP, .405 SLG, .710 OPS

4) Average runs for order: 4.8366
	1) Brandon Crawford: .373 OBP, .522 SLG, .895 OPS
	2) Darin Ruf: .385 OBP, .519 SLG, .904 OPS
	3) Evan Longoria: .351 OBP, .482 SLG, .833 OPS
	4) Wilmer Flores: .335 OBP, .447 SLG, .782 OPS
	5) Buster PoseyIII: .390 OBP, .499 SLG, .889 OPS
	6) Kris Bryant: .353 OBP, .481 SLG, .835 OPS
	7) Mike Yastrzemski: .310 OBP, .457 SLG, .767 OPS
	8) Tommy LaStella: .306 OBP, .405 SLG, .710 OPS
	9) Logan Webb: .151 OBP, .283 SLG, .434 OPS

5) Average runs for order: 4.8352
	1) Brandon Crawford: .373 OBP, .522 SLG, .895 OPS
	2) Buster PoseyIII: .390 OBP, .499 SLG, .889 OPS
	3) Darin Ruf: .385 OBP, .519 SLG, .904 OPS
	4) Kris Bryant: .353 OBP, .481 SLG, .835 OPS
	5) Evan Longoria: .351 OBP, .482 SLG, .833 OPS
	6) Wilmer Flores: .335 OBP, .447 SLG, .782 OPS
	7) Mike Yastrzemski: .310 OBP, .457 SLG, .767 OPS
	8) Logan Webb: .151 OBP, .283 SLG, .434 OPS
	9) Tommy LaStella: .306 OBP, .405 SLG, .710 OPS

Bottom 5 batting orders:
1) Average runs for order: 4.5056
	1) Logan Webb: .151 OBP, .283 SLG, .434 OPS
	2) Kris Bryant: .353 OBP, .481 SLG, .835 OPS
	3) Wilmer Flores: .335 OBP, .447 SLG, .782 OPS
	4) Buster PoseyIII: .390 OBP, .499 SLG, .889 OPS
	5) Mike Yastrzemski: .310 OBP, .457 SLG, .767 OPS
	6) Darin Ruf: .385 OBP, .519 SLG, .904 OPS
	7) Tommy LaStella: .306 OBP, .405 SLG, .710 OPS
	8) Brandon Crawford: .373 OBP, .522 SLG, .895 OPS
	9) Evan Longoria: .351 OBP, .482 SLG, .833 OPS

2) Average runs for order: 4.506
	1) Logan Webb: .151 OBP, .283 SLG, .434 OPS
	2) Kris Bryant: .353 OBP, .481 SLG, .835 OPS
	3) Wilmer Flores: .335 OBP, .447 SLG, .782 OPS
	4) Mike Yastrzemski: .310 OBP, .457 SLG, .767 OPS
	5) Darin Ruf: .385 OBP, .519 SLG, .904 OPS
	6) Tommy LaStella: .306 OBP, .405 SLG, .710 OPS
	7) Buster PoseyIII: .390 OBP, .499 SLG, .889 OPS
	8) Evan Longoria: .351 OBP, .482 SLG, .833 OPS
	9) Brandon Crawford: .373 OBP, .522 SLG, .895 OPS

3) Average runs for order: 4.5068
	1) Logan Webb: .151 OBP, .283 SLG, .434 OPS
	2) Kris Bryant: .353 OBP, .481 SLG, .835 OPS
	3) Wilmer Flores: .335 OBP, .447 SLG, .782 OPS
	4) Mike Yastrzemski: .310 OBP, .457 SLG, .767 OPS
	5) Darin Ruf: .385 OBP, .519 SLG, .904 OPS
	6) Tommy LaStella: .306 OBP, .405 SLG, .710 OPS
	7) Brandon Crawford: .373 OBP, .522 SLG, .895 OPS
	8) Buster PoseyIII: .390 OBP, .499 SLG, .889 OPS
	9) Evan Longoria: .351 OBP, .482 SLG, .833 OPS

4) Average runs for order: 4.5102
	1) Logan Webb: .151 OBP, .283 SLG, .434 OPS
	2) Kris Bryant: .353 OBP, .481 SLG, .835 OPS
	3) Wilmer Flores: .335 OBP, .447 SLG, .782 OPS
	4) Mike Yastrzemski: .310 OBP, .457 SLG, .767 OPS
	5) Darin Ruf: .385 OBP, .519 SLG, .904 OPS
	6) Tommy LaStella: .306 OBP, .405 SLG, .710 OPS
	7) Buster PoseyIII: .390 OBP, .499 SLG, .889 OPS
	8) Brandon Crawford: .373 OBP, .522 SLG, .895 OPS
	9) Evan Longoria: .351 OBP, .482 SLG, .833 OPS

5) Average runs for order: 4.5114
	1) Logan Webb: .151 OBP, .283 SLG, .434 OPS
	2) Tommy LaStella: .306 OBP, .405 SLG, .710 OPS
	3) Evan Longoria: .351 OBP, .482 SLG, .833 OPS
	4) Mike Yastrzemski: .310 OBP, .457 SLG, .767 OPS
	5) Wilmer Flores: .335 OBP, .447 SLG, .782 OPS
	6) Kris Bryant: .353 OBP, .481 SLG, .835 OPS
	7) Brandon Crawford: .373 OBP, .522 SLG, .895 OPS
	8) Buster PoseyIII: .390 OBP, .499 SLG, .889 OPS
	9) Darin Ruf: .385 OBP, .519 SLG, .904 OPS


Total time: 48438.42 seconds
