Players:
Buster PoseyIII: .390 OBP, .499 SLG, .889 OPS
Brandon Belt: .378 OBP, .597 SLG, .975 OPS
Brandon Crawford: .373 OBP, .522 SLG, .895 OPS
Alex Dickerson: .304 OBP, .420 SLG, .725 OPS
Mike Yastrzemski: .310 OBP, .457 SLG, .767 OPS
Kris Bryant: .353 OBP, .481 SLG, .835 OPS
Tommy LaStella: .306 OBP, .405 SLG, .710 OPS
Logan Webb: .151 OBP, .283 SLG, .434 OPS
LaMonte WadeJr.: .323 OBP, .482 SLG, .805 OPS

Batting order num: 9999, 99.99% complete       

Total games simulated: 5,000,000
Games simulated per order: 500
Total orders simulated: 10,000

Max runs for sim: 5.42
Avg. runs for sim: 4.89
Min runs for sim: 4.342

Best batting order: (0, 2, 1, 6, 4, 8, 5, 3, 7)
1) Buster PoseyIII: .390 OBP, .499 SLG, .889 OPS
2) Brandon Crawford: .373 OBP, .522 SLG, .895 OPS
3) Brandon Belt: .378 OBP, .597 SLG, .975 OPS
4) Tommy LaStella: .306 OBP, .405 SLG, .710 OPS
5) Mike Yastrzemski: .310 OBP, .457 SLG, .767 OPS
6) LaMonte WadeJr.: .323 OBP, .482 SLG, .805 OPS
7) Kris Bryant: .353 OBP, .481 SLG, .835 OPS
8) Alex Dickerson: .304 OBP, .420 SLG, .725 OPS
9) Logan Webb: .151 OBP, .283 SLG, .434 OPS

Worst batting order: (0, 1, 2, 6, 4, 8, 7, 5, 3)
1) Buster PoseyIII: .390 OBP, .499 SLG, .889 OPS
2) Brandon Belt: .378 OBP, .597 SLG, .975 OPS
3) Brandon Crawford: .373 OBP, .522 SLG, .895 OPS
4) Tommy LaStella: .306 OBP, .405 SLG, .710 OPS
5) Mike Yastrzemski: .310 OBP, .457 SLG, .767 OPS
6) LaMonte WadeJr.: .323 OBP, .482 SLG, .805 OPS
7) Logan Webb: .151 OBP, .283 SLG, .434 OPS
8) Kris Bryant: .353 OBP, .481 SLG, .835 OPS
9) Alex Dickerson: .304 OBP, .420 SLG, .725 OPS

Total time: 338.45 seconds
